<?xml version="1.0" encoding="UTF-8"?>
<!-- Generated by org.testng.reporters.JUnitReportReporter -->
<testsuite hostname="Saravanans-MacBook-Pro.local" failures="0" tests="15" name="com.tests.flightreservation.FlightReservationTest" time="20.948" errors="0" timestamp="2023-10-08T14:36:56 EDT" skipped="0">
  <testcase classname="com.tests.flightreservation.FlightReservationTest" name="flightSearchTest" time="1.248"/>
  <system-out/>
  <testcase classname="com.tests.flightreservation.FlightReservationTest" name="flightSelectionTest" time="1.721"/>
  <system-out/>
  <testcase classname="com.tests.flightreservation.FlightReservationTest" name="registrationConfirmationTest" time="2.221"/>
  <system-out/>
  <testcase classname="com.tests.flightreservation.FlightReservationTest" name="flightSearchTest" time="1.255"/>
  <system-out/>
  <testcase classname="com.tests.flightreservation.FlightReservationTest" name="registrationTest" time="1.155"/>
  <system-out/>
  <testcase classname="com.tests.flightreservation.FlightReservationTest" name="registrationConfirmationTest" time="0.664"/>
  <system-out/>
  <testcase classname="com.tests.flightreservation.FlightReservationTest" name="registrationTest" time="1.274"/>
  <system-out/>
  <testcase classname="com.tests.flightreservation.FlightReservationTest" name="registrationTest" time="1.073"/>
  <system-out/>
  <testcase classname="com.tests.flightreservation.FlightReservationTest" name="FlightConfirmationTest" time="2.169"/>
  <system-out/>
  <testcase classname="com.tests.flightreservation.FlightReservationTest" name="FlightConfirmationTest" time="1.129"/>
  <system-out/>
  <testcase classname="com.tests.flightreservation.FlightReservationTest" name="flightSelectionTest" time="0.693"/>
  <system-out/>
  <testcase classname="com.tests.flightreservation.FlightReservationTest" name="registrationConfirmationTest" time="2.197"/>
  <system-out/>
  <testcase classname="com.tests.flightreservation.FlightReservationTest" name="FlightConfirmationTest" time="1.658"/>
  <system-out/>
  <testcase classname="com.tests.flightreservation.FlightReservationTest" name="flightSearchTest" time="0.732"/>
  <system-out/>
  <testcase classname="com.tests.flightreservation.FlightReservationTest" name="flightSelectionTest" time="1.759"/>
  <system-out/>
</testsuite> <!-- com.tests.flightreservation.FlightReservationTest -->
