<?xml version="1.0" encoding="UTF-8"?>
<!-- Generated by org.testng.reporters.JUnitReportReporter -->
<testsuite hostname="Saravanans-MacBook-Pro.local" failures="0" tests="2" name="com.tests.vendorportal.VendorPortalTest" time="3.745" errors="0" timestamp="2023-10-09T21:46:05 EDT" skipped="0">
  <testcase classname="com.tests.vendorportal.VendorPortalTest" name="loginPageTest" time="0.688"/>
  <system-out/>
  <testcase classname="com.tests.vendorportal.VendorPortalTest" name="dashBoardTest" time="3.057"/>
  <system-out/>
</testsuite> <!-- com.tests.vendorportal.VendorPortalTest -->
